1777708537.273790 client started (13599): version 3.2a, socket /tmp/tmux-1000/default, protocol 8
1777708537.273855 on Linux 6.6.87.2-microsoft-standard-WSL2 #1 SMP PREEMPT_DYNAMIC Thu Jun  5 18:30:46 UTC 2025
1777708537.273862 using libevent 2.1.12-stable (poll); ncurses 6.3
1777708537.273882 flags are 0x10010000
1777708537.273885 socket is /tmp/tmux-1000/default
1777708537.273906 trying connect
1777708537.274027 add peer 0x621e703846d0: 6 ((nil))
1777708537.274437 sending message 100 to peer 0x621e703846d0 (4 bytes)
1777708537.274445 sending message 111 to peer 0x621e703846d0 (8 bytes)
1777708537.274449 sending message 101 to peer 0x621e703846d0 (14 bytes)
1777708537.274451 sending message 109 to peer 0x621e703846d0 (4 bytes)
1777708537.274454 sending message 102 to peer 0x621e703846d0 (11 bytes)
1777708537.274457 sending message 108 to peer 0x621e703846d0 (44 bytes)
1777708537.274460 sending message 112 to peer 0x621e703846d0 (70 bytes)
1777708537.274464 sending message 112 to peer 0x621e703846d0 (5 bytes)
1777708537.274467 sending message 112 to peer 0x621e703846d0 (5 bytes)
1777708537.274469 sending message 112 to peer 0x621e703846d0 (6 bytes)
1777708537.274472 sending message 112 to peer 0x621e703846d0 (6 bytes)
1777708537.274475 sending message 112 to peer 0x621e703846d0 (11 bytes)
1777708537.274477 sending message 112 to peer 0x621e703846d0 (10 bytes)
1777708537.274480 sending message 112 to peer 0x621e703846d0 (13 bytes)
1777708537.274483 sending message 112 to peer 0x621e703846d0 (13 bytes)
1777708537.274486 sending message 112 to peer 0x621e703846d0 (18 bytes)
1777708537.274489 sending message 112 to peer 0x621e703846d0 (11 bytes)
1777708537.274492 sending message 112 to peer 0x621e703846d0 (10 bytes)
1777708537.274495 sending message 112 to peer 0x621e703846d0 (15 bytes)
1777708537.274498 sending message 112 to peer 0x621e703846d0 (21 bytes)
1777708537.274501 sending message 112 to peer 0x621e703846d0 (13 bytes)
1777708537.274504 sending message 112 to peer 0x621e703846d0 (7 bytes)
1777708537.274507 sending message 112 to peer 0x621e703846d0 (13 bytes)
1777708537.274510 sending message 112 to peer 0x621e703846d0 (7 bytes)
1777708537.274513 sending message 112 to peer 0x621e703846d0 (13 bytes)
1777708537.274516 sending message 112 to peer 0x621e703846d0 (9 bytes)
1777708537.274518 sending message 112 to peer 0x621e703846d0 (21 bytes)
1777708537.274521 sending message 112 to peer 0x621e703846d0 (13 bytes)
1777708537.274524 sending message 112 to peer 0x621e703846d0 (8 bytes)
1777708537.274527 sending message 112 to peer 0x621e703846d0 (12 bytes)
1777708537.274530 sending message 112 to peer 0x621e703846d0 (13 bytes)
1777708537.274532 sending message 112 to peer 0x621e703846d0 (9 bytes)
1777708537.274535 sending message 112 to peer 0x621e703846d0 (9 bytes)
1777708537.274539 sending message 112 to peer 0x621e703846d0 (12 bytes)
1777708537.274542 sending message 112 to peer 0x621e703846d0 (8 bytes)
1777708537.274545 sending message 112 to peer 0x621e703846d0 (8 bytes)
1777708537.274547 sending message 112 to peer 0x621e703846d0 (7 bytes)
1777708537.274550 sending message 112 to peer 0x621e703846d0 (7 bytes)
1777708537.274553 sending message 112 to peer 0x621e703846d0 (9 bytes)
1777708537.274556 sending message 112 to peer 0x621e703846d0 (13 bytes)
1777708537.274559 sending message 112 to peer 0x621e703846d0 (6 bytes)
1777708537.274561 sending message 112 to peer 0x621e703846d0 (9 bytes)
1777708537.274565 sending message 112 to peer 0x621e703846d0 (15 bytes)
1777708537.274568 sending message 112 to peer 0x621e703846d0 (13 bytes)
1777708537.274571 sending message 112 to peer 0x621e703846d0 (12 bytes)
1777708537.274574 sending message 112 to peer 0x621e703846d0 (8 bytes)
1777708537.274577 sending message 112 to peer 0x621e703846d0 (14 bytes)
1777708537.274580 sending message 112 to peer 0x621e703846d0 (11 bytes)
1777708537.274583 sending message 112 to peer 0x621e703846d0 (9 bytes)
1777708537.274586 sending message 112 to peer 0x621e703846d0 (10 bytes)
1777708537.274589 sending message 112 to peer 0x621e703846d0 (10 bytes)
1777708537.274602 sending message 112 to peer 0x621e703846d0 (10 bytes)
1777708537.274607 sending message 112 to peer 0x621e703846d0 (10 bytes)
1777708537.274610 sending message 112 to peer 0x621e703846d0 (11 bytes)
1777708537.274613 sending message 112 to peer 0x621e703846d0 (12 bytes)
1777708537.274616 sending message 112 to peer 0x621e703846d0 (12 bytes)
1777708537.274619 sending message 112 to peer 0x621e703846d0 (12 bytes)
1777708537.274622 sending message 112 to peer 0x621e703846d0 (12 bytes)
1777708537.274625 sending message 112 to peer 0x621e703846d0 (12 bytes)
1777708537.274628 sending message 112 to peer 0x621e703846d0 (11 bytes)
1777708537.274631 sending message 112 to peer 0x621e703846d0 (11 bytes)
1777708537.274634 sending message 112 to peer 0x621e703846d0 (12 bytes)
1777708537.274636 sending message 112 to peer 0x621e703846d0 (12 bytes)
1777708537.274639 sending message 112 to peer 0x621e703846d0 (12 bytes)
1777708537.274641 sending message 112 to peer 0x621e703846d0 (12 bytes)
1777708537.274644 sending message 112 to peer 0x621e703846d0 (12 bytes)
1777708537.274646 sending message 112 to peer 0x621e703846d0 (10 bytes)
1777708537.274649 sending message 112 to peer 0x621e703846d0 (12 bytes)
1777708537.274652 sending message 112 to peer 0x621e703846d0 (13 bytes)
1777708537.274654 sending message 112 to peer 0x621e703846d0 (13 bytes)
1777708537.274658 sending message 112 to peer 0x621e703846d0 (13 bytes)
1777708537.274660 sending message 112 to peer 0x621e703846d0 (13 bytes)
1777708537.274663 sending message 112 to peer 0x621e703846d0 (13 bytes)
1777708537.274666 sending message 112 to peer 0x621e703846d0 (8 bytes)
1777708537.274668 sending message 112 to peer 0x621e703846d0 (11 bytes)
1777708537.274671 sending message 112 to peer 0x621e703846d0 (11 bytes)
1777708537.274674 sending message 112 to peer 0x621e703846d0 (11 bytes)
1777708537.274677 sending message 112 to peer 0x621e703846d0 (12 bytes)
1777708537.274680 sending message 112 to peer 0x621e703846d0 (12 bytes)
1777708537.274683 sending message 112 to peer 0x621e703846d0 (12 bytes)
1777708537.274686 sending message 112 to peer 0x621e703846d0 (12 bytes)
1777708537.274689 sending message 112 to peer 0x621e703846d0 (13 bytes)
1777708537.274691 sending message 112 to peer 0x621e703846d0 (13 bytes)
1777708537.274694 sending message 112 to peer 0x621e703846d0 (13 bytes)
1777708537.274697 sending message 112 to peer 0x621e703846d0 (8 bytes)
1777708537.274700 sending message 112 to peer 0x621e703846d0 (13 bytes)
1777708537.274703 sending message 112 to peer 0x621e703846d0 (13 bytes)
1777708537.274706 sending message 112 to peer 0x621e703846d0 (13 bytes)
1777708537.274709 sending message 112 to peer 0x621e703846d0 (13 bytes)
1777708537.274713 sending message 112 to peer 0x621e703846d0 (13 bytes)
1777708537.274715 sending message 112 to peer 0x621e703846d0 (12 bytes)
1777708537.274718 sending message 112 to peer 0x621e703846d0 (12 bytes)
1777708537.274722 sending message 112 to peer 0x621e703846d0 (12 bytes)
1777708537.274724 sending message 112 to peer 0x621e703846d0 (12 bytes)
1777708537.274726 sending message 112 to peer 0x621e703846d0 (13 bytes)
1777708537.274729 sending message 112 to peer 0x621e703846d0 (8 bytes)
1777708537.274732 sending message 112 to peer 0x621e703846d0 (13 bytes)
1777708537.274734 sending message 112 to peer 0x621e703846d0 (13 bytes)
1777708537.274737 sending message 112 to peer 0x621e703846d0 (13 bytes)
1777708537.274740 sending message 112 to peer 0x621e703846d0 (13 bytes)
1777708537.274742 sending message 112 to peer 0x621e703846d0 (13 bytes)
1777708537.274745 sending message 112 to peer 0x621e703846d0 (13 bytes)
1777708537.274747 sending message 112 to peer 0x621e703846d0 (13 bytes)
1777708537.274750 sending message 112 to peer 0x621e703846d0 (12 bytes)
1777708537.274753 sending message 112 to peer 0x621e703846d0 (12 bytes)
1777708537.274755 sending message 112 to peer 0x621e703846d0 (12 bytes)
1777708537.274758 sending message 112 to peer 0x621e703846d0 (8 bytes)
1777708537.274760 sending message 112 to peer 0x621e703846d0 (12 bytes)
1777708537.274766 sending message 112 to peer 0x621e703846d0 (13 bytes)
1777708537.274769 sending message 112 to peer 0x621e703846d0 (13 bytes)
1777708537.274772 sending message 112 to peer 0x621e703846d0 (13 bytes)
1777708537.274775 sending message 112 to peer 0x621e703846d0 (13 bytes)
1777708537.274778 sending message 112 to peer 0x621e703846d0 (13 bytes)
1777708537.274781 sending message 112 to peer 0x621e703846d0 (13 bytes)
1777708537.274783 sending message 112 to peer 0x621e703846d0 (13 bytes)
1777708537.274786 sending message 112 to peer 0x621e703846d0 (13 bytes)
1777708537.274788 sending message 112 to peer 0x621e703846d0 (12 bytes)
1777708537.274791 sending message 112 to peer 0x621e703846d0 (10 bytes)
1777708537.274794 sending message 112 to peer 0x621e703846d0 (12 bytes)
1777708537.274797 sending message 112 to peer 0x621e703846d0 (12 bytes)
1777708537.274799 sending message 112 to peer 0x621e703846d0 (12 bytes)
1777708537.274802 sending message 112 to peer 0x621e703846d0 (13 bytes)
1777708537.274805 sending message 112 to peer 0x621e703846d0 (13 bytes)
1777708537.274808 sending message 112 to peer 0x621e703846d0 (13 bytes)
1777708537.274810 sending message 112 to peer 0x621e703846d0 (13 bytes)
1777708537.274813 sending message 112 to peer 0x621e703846d0 (13 bytes)
1777708537.274816 sending message 112 to peer 0x621e703846d0 (13 bytes)
1777708537.274819 sending message 112 to peer 0x621e703846d0 (13 bytes)
1777708537.274822 sending message 112 to peer 0x621e703846d0 (10 bytes)
1777708537.274824 sending message 112 to peer 0x621e703846d0 (13 bytes)
1777708537.274827 sending message 112 to peer 0x621e703846d0 (12 bytes)
1777708537.274830 sending message 112 to peer 0x621e703846d0 (12 bytes)
1777708537.274833 sending message 112 to peer 0x621e703846d0 (12 bytes)
1777708537.274835 sending message 112 to peer 0x621e703846d0 (10 bytes)
1777708537.274839 sending message 112 to peer 0x621e703846d0 (10 bytes)
1777708537.274842 sending message 112 to peer 0x621e703846d0 (10 bytes)
1777708537.274845 sending message 112 to peer 0x621e703846d0 (12 bytes)
1777708537.274848 sending message 112 to peer 0x621e703846d0 (13 bytes)
1777708537.274850 sending message 112 to peer 0x621e703846d0 (13 bytes)
1777708537.274853 sending message 112 to peer 0x621e703846d0 (13 bytes)
1777708537.274856 sending message 112 to peer 0x621e703846d0 (13 bytes)
1777708537.274858 sending message 112 to peer 0x621e703846d0 (13 bytes)
1777708537.274861 sending message 112 to peer 0x621e703846d0 (11 bytes)
1777708537.274863 sending message 112 to peer 0x621e703846d0 (11 bytes)
1777708537.274866 sending message 112 to peer 0x621e703846d0 (12 bytes)
1777708537.274868 sending message 112 to peer 0x621e703846d0 (12 bytes)
1777708537.274870 sending message 112 to peer 0x621e703846d0 (12 bytes)
1777708537.274873 sending message 112 to peer 0x621e703846d0 (12 bytes)
1777708537.274876 sending message 112 to peer 0x621e703846d0 (12 bytes)
1777708537.274878 sending message 112 to peer 0x621e703846d0 (11 bytes)
1777708537.274881 sending message 112 to peer 0x621e703846d0 (12 bytes)
1777708537.274911 sending message 112 to peer 0x621e703846d0 (12 bytes)
1777708537.274916 sending message 112 to peer 0x621e703846d0 (13 bytes)
1777708537.274919 sending message 112 to peer 0x621e703846d0 (13 bytes)
1777708537.274921 sending message 112 to peer 0x621e703846d0 (13 bytes)
1777708537.274924 sending message 112 to peer 0x621e703846d0 (13 bytes)
1777708537.274927 sending message 112 to peer 0x621e703846d0 (13 bytes)
1777708537.274929 sending message 112 to peer 0x621e703846d0 (10 bytes)
1777708537.274932 sending message 112 to peer 0x621e703846d0 (9 bytes)
1777708537.274934 sending message 112 to peer 0x621e703846d0 (12 bytes)
1777708537.274937 sending message 112 to peer 0x621e703846d0 (13 bytes)
1777708537.274940 sending message 112 to peer 0x621e703846d0 (13 bytes)
1777708537.274943 sending message 112 to peer 0x621e703846d0 (13 bytes)
1777708537.274945 sending message 112 to peer 0x621e703846d0 (13 bytes)
1777708537.274949 sending message 112 to peer 0x621e703846d0 (13 bytes)
1777708537.274957 sending message 112 to peer 0x621e703846d0 (9 bytes)
1777708537.274960 sending message 112 to peer 0x621e703846d0 (12 bytes)
1777708537.274963 sending message 112 to peer 0x621e703846d0 (13 bytes)
1777708537.274967 sending message 112 to peer 0x621e703846d0 (13 bytes)
1777708537.274970 sending message 112 to peer 0x621e703846d0 (13 bytes)
1777708537.274974 sending message 112 to peer 0x621e703846d0 (13 bytes)
1777708537.274976 sending message 112 to peer 0x621e703846d0 (13 bytes)
1777708537.274979 sending message 112 to peer 0x621e703846d0 (11 bytes)
1777708537.274983 sending message 112 to peer 0x621e703846d0 (12 bytes)
1777708537.274986 sending message 112 to peer 0x621e703846d0 (13 bytes)
1777708537.274989 sending message 112 to peer 0x621e703846d0 (13 bytes)
1777708537.274992 sending message 112 to peer 0x621e703846d0 (13 bytes)
1777708537.274994 sending message 112 to peer 0x621e703846d0 (13 bytes)
1777708537.274997 sending message 112 to peer 0x621e703846d0 (13 bytes)
1777708537.275000 sending message 112 to peer 0x621e703846d0 (11 bytes)
1777708537.275002 sending message 112 to peer 0x621e703846d0 (12 bytes)
1777708537.275005 sending message 112 to peer 0x621e703846d0 (12 bytes)
1777708537.275008 sending message 112 to peer 0x621e703846d0 (12 bytes)
1777708537.275010 sending message 112 to peer 0x621e703846d0 (12 bytes)
1777708537.275022 sending message 112 to peer 0x621e703846d0 (12 bytes)
1777708537.275026 sending message 112 to peer 0x621e703846d0 (21 bytes)
1777708537.275030 sending message 112 to peer 0x621e703846d0 (12 bytes)
1777708537.275033 sending message 112 to peer 0x621e703846d0 (9 bytes)
1777708537.275035 sending message 112 to peer 0x621e703846d0 (6 bytes)
1777708537.275037 sending message 112 to peer 0x621e703846d0 (8 bytes)
1777708537.275040 sending message 112 to peer 0x621e703846d0 (15 bytes)
1777708537.275042 sending message 112 to peer 0x621e703846d0 (13 bytes)
1777708537.275045 sending message 112 to peer 0x621e703846d0 (9 bytes)
1777708537.275047 sending message 112 to peer 0x621e703846d0 (70 bytes)
1777708537.275051 sending message 112 to peer 0x621e703846d0 (69 bytes)
1777708537.275054 sending message 112 to peer 0x621e703846d0 (10 bytes)
1777708537.275057 sending message 112 to peer 0x621e703846d0 (10 bytes)
1777708537.275059 sending message 112 to peer 0x621e703846d0 (8 bytes)
1777708537.275060 sending message 112 to peer 0x621e703846d0 (15 bytes)
1777708537.275062 sending message 112 to peer 0x621e703846d0 (13 bytes)
1777708537.275067 sending message 112 to peer 0x621e703846d0 (10 bytes)
1777708537.275069 sending message 112 to peer 0x621e703846d0 (10 bytes)
1777708537.275071 sending message 112 to peer 0x621e703846d0 (17 bytes)
1777708537.275073 sending message 112 to peer 0x621e703846d0 (10 bytes)
1777708537.275074 sending message 112 to peer 0x621e703846d0 (13 bytes)
1777708537.275076 sending message 112 to peer 0x621e703846d0 (9 bytes)
1777708537.275078 sending message 112 to peer 0x621e703846d0 (5 bytes)
1777708537.275080 sending message 112 to peer 0x621e703846d0 (15 bytes)
1777708537.275083 sending message 104 to peer 0x621e703846d0 (0 bytes)
1777708537.275085 sending message 110 to peer 0x621e703846d0 (0 bytes)
1777708537.275088 sending message 107 to peer 0x621e703846d0 (4 bytes)
1777708537.275091 sending message 105 to peer 0x621e703846d0 (16 bytes)
1777708537.275093 sending message 105 to peer 0x621e703846d0 (14 bytes)
1777708537.275094 sending message 105 to peer 0x621e703846d0 (20 bytes)
1777708537.275096 sending message 105 to peer 0x621e703846d0 (24 bytes)
1777708537.275098 sending message 105 to peer 0x621e703846d0 (26 bytes)
1777708537.275102 sending message 105 to peer 0x621e703846d0 (29 bytes)
1777708537.275105 sending message 105 to peer 0x621e703846d0 (35 bytes)
1777708537.275107 sending message 105 to peer 0x621e703846d0 (21 bytes)
1777708537.275108 sending message 105 to peer 0x621e703846d0 (21 bytes)
1777708537.275110 sending message 105 to peer 0x621e703846d0 (81 bytes)
1777708537.275112 sending message 105 to peer 0x621e703846d0 (50 bytes)
1777708537.275118 sending message 105 to peer 0x621e703846d0 (14 bytes)
1777708537.275119 sending message 105 to peer 0x621e703846d0 (48 bytes)
1777708537.275121 sending message 105 to peer 0x621e703846d0 (12 bytes)
1777708537.275123 sending message 105 to peer 0x621e703846d0 (17 bytes)
1777708537.275125 sending message 105 to peer 0x621e703846d0 (67 bytes)
1777708537.275128 sending message 105 to peer 0x621e703846d0 (34 bytes)
1777708537.275129 sending message 105 to peer 0x621e703846d0 (99 bytes)
1777708537.275132 sending message 105 to peer 0x621e703846d0 (23 bytes)
1777708537.275134 sending message 105 to peer 0x621e703846d0 (15 bytes)
1777708537.275138 sending message 105 to peer 0x621e703846d0 (17 bytes)
1777708537.275140 sending message 105 to peer 0x621e703846d0 (32 bytes)
1777708537.275142 sending message 105 to peer 0x621e703846d0 (1519 bytes)
1777708537.275159 sending message 105 to peer 0x621e703846d0 (26 bytes)
1777708537.275163 sending message 105 to peer 0x621e703846d0 (34 bytes)
1777708537.275165 sending message 105 to peer 0x621e703846d0 (113 bytes)
1777708537.275167 sending message 105 to peer 0x621e703846d0 (31 bytes)
1777708537.275169 sending message 105 to peer 0x621e703846d0 (35 bytes)
1777708537.275171 sending message 105 to peer 0x621e703846d0 (27 bytes)
1777708537.275173 sending message 105 to peer 0x621e703846d0 (34 bytes)
1777708537.275175 sending message 105 to peer 0x621e703846d0 (107 bytes)
1777708537.275177 sending message 105 to peer 0x621e703846d0 (19 bytes)
1777708537.275179 sending message 105 to peer 0x621e703846d0 (32 bytes)
1777708537.275182 sending message 105 to peer 0x621e703846d0 (9 bytes)
1777708537.275185 sending message 105 to peer 0x621e703846d0 (13 bytes)
1777708537.275187 sending message 105 to peer 0x621e703846d0 (71 bytes)
1777708537.275189 sending message 105 to peer 0x621e703846d0 (11 bytes)
1777708537.275190 sending message 105 to peer 0x621e703846d0 (8 bytes)
1777708537.275192 sending message 105 to peer 0x621e703846d0 (24 bytes)
1777708537.275194 sending message 105 to peer 0x621e703846d0 (24 bytes)
1777708537.275196 sending message 105 to peer 0x621e703846d0 (227 bytes)
1777708537.275198 sending message 105 to peer 0x621e703846d0 (38 bytes)
1777708537.275201 sending message 105 to peer 0x621e703846d0 (21 bytes)
1777708537.275202 sending message 105 to peer 0x621e703846d0 (44 bytes)
1777708537.275204 sending message 105 to peer 0x621e703846d0 (34 bytes)
1777708537.275206 sending message 105 to peer 0x621e703846d0 (130 bytes)
1777708537.275208 sending message 105 to peer 0x621e703846d0 (65 bytes)
1777708537.275211 sending message 105 to peer 0x621e703846d0 (1759 bytes)
1777708537.275214 sending message 105 to peer 0x621e703846d0 (16 bytes)
1777708537.275217 sending message 105 to peer 0x621e703846d0 (40 bytes)
1777708537.275219 sending message 105 to peer 0x621e703846d0 (18 bytes)
1777708537.275221 sending message 105 to peer 0x621e703846d0 (45 bytes)
1777708537.275223 sending message 105 to peer 0x621e703846d0 (18 bytes)
1777708537.275224 sending message 105 to peer 0x621e703846d0 (95 bytes)
1777708537.275226 sending message 105 to peer 0x621e703846d0 (16 bytes)
1777708537.275229 sending message 106 to peer 0x621e703846d0 (0 bytes)
1777708537.275234 sending message 200 to peer 0x621e703846d0 (4 bytes)
1777708537.275237 client loop enter
1777708537.277289 peer 0x621e703846d0 message 303
1777708537.277375 open write file 2 -
1777708537.277391 sending message 305 to peer 0x621e703846d0 (8 bytes)
1777708537.277402 write check file 2
1777708537.277695 peer 0x621e703846d0 message 304
1777708537.277720 write 58 to file 2
1777708537.277725 peer 0x621e703846d0 message 203
1777708537.277728 file 2 58 bytes left
1777708537.277763 write check file 2
1777708537.277766 client loop exit
